2022-04-25 22:56:17.852  INFO 11688 --- [org.springframework.amqp.rabbit.RabbitListenerEndpointContainer#1-1] m.r.consumer.Consumer1                   : 已接收第959个1000条消息
2022-04-25 22:56:17.886  INFO 11688 --- [org.springframework.amqp.rabbit.RabbitListenerEndpointContainer#1-1] m.r.consumer.Consumer1                   : 已接收第960个1000条消息
2022-04-25 22:56:17.918  INFO 11688 --- [org.springframework.amqp.rabbit.RabbitListenerEndpointContainer#1-1] m.r.consumer.Consumer1                   : 已接收第961个1000条消息
2022-04-25 22:56:17.945  INFO 11688 --- [org.springframework.amqp.rabbit.RabbitListenerEndpointContainer#1-1] m.r.consumer.Consumer1                   : 已接收第962个1000条消息
2022-04-25 22:56:17.978  INFO 11688 --- [org.springframework.amqp.rabbit.RabbitListenerEndpointContainer#1-1] m.r.consumer.Consumer1                   : 已接收第963个1000条消息
2022-04-25 22:56:18.005  INFO 11688 --- [org.springframework.amqp.rabbit.RabbitListenerEndpointContainer#1-1] m.r.consumer.Consumer1                   : 已接收第964个1000条消息
2022-04-25 22:56:18.039  INFO 11688 --- [org.springframework.amqp.rabbit.RabbitListenerEndpointContainer#1-1] m.r.consumer.Consumer1                   : 已接收第965个1000条消息
2022-04-25 22:56:18.063  INFO 11688 --- [org.springframework.amqp.rabbit.RabbitListenerEndpointContainer#1-1] m.r.consumer.Consumer1                   : 已接收第966个1000条消息
2022-04-25 22:56:18.099  INFO 11688 --- [org.springframework.amqp.rabbit.RabbitListenerEndpointContainer#1-1] m.r.consumer.Consumer1                   : 已接收第967个1000条消息
2022-04-25 22:56:18.126  INFO 11688 --- [org.springframework.amqp.rabbit.RabbitListenerEndpointContainer#1-1] m.r.consumer.Consumer1                   : 已接收第968个1000条消息
2022-04-25 22:56:18.158  INFO 11688 --- [org.springframework.amqp.rabbit.RabbitListenerEndpointContainer#1-1] m.r.consumer.Consumer1                   : 已接收第969个1000条消息
2022-04-25 22:56:18.181  INFO 11688 --- [org.springframework.amqp.rabbit.RabbitListenerEndpointContainer#1-1] m.r.consumer.Consumer1                   : 已接收第970个1000条消息
2022-04-25 22:56:18.210  INFO 11688 --- [org.springframework.amqp.rabbit.RabbitListenerEndpointContainer#1-1] m.r.consumer.Consumer1                   : 已接收第971个1000条消息
2022-04-25 22:56:18.234  INFO 11688 --- [org.springframework.amqp.rabbit.RabbitListenerEndpointContainer#1-1] m.r.consumer.Consumer1                   : 已接收第972个1000条消息
2022-04-25 22:56:18.266  INFO 11688 --- [org.springframework.amqp.rabbit.RabbitListenerEndpointContainer#1-1] m.r.consumer.Consumer1                   : 已接收第973个1000条消息
2022-04-25 22:56:18.289  INFO 11688 --- [org.springframework.amqp.rabbit.RabbitListenerEndpointContainer#1-1] m.r.consumer.Consumer1                   : 已接收第974个1000条消息
2022-04-25 22:56:18.323  INFO 11688 --- [org.springframework.amqp.rabbit.RabbitListenerEndpointContainer#1-1] m.r.consumer.Consumer1                   : 已接收第975个1000条消息
2022-04-25 22:56:18.348  INFO 11688 --- [org.springframework.amqp.rabbit.RabbitListenerEndpointContainer#1-1] m.r.consumer.Consumer1                   : 已接收第976个1000条消息
2022-04-25 22:56:18.381  INFO 11688 --- [org.springframework.amqp.rabbit.RabbitListenerEndpointContainer#1-1] m.r.consumer.Consumer1                   : 已接收第977个1000条消息
2022-04-25 22:56:18.417  INFO 11688 --- [org.springframework.amqp.rabbit.RabbitListenerEndpointContainer#1-1] m.r.consumer.Consumer1                   : 已接收第978个1000条消息
2022-04-25 22:56:18.454  INFO 11688 --- [org.springframework.amqp.rabbit.RabbitListenerEndpointContainer#1-1] m.r.consumer.Consumer1                   : 已接收第979个1000条消息
2022-04-25 22:56:18.485  INFO 11688 --- [org.springframework.amqp.rabbit.RabbitListenerEndpointContainer#1-1] m.r.consumer.Consumer1                   : 已接收第980个1000条消息
2022-04-25 22:56:18.522  INFO 11688 --- [org.springframework.amqp.rabbit.RabbitListenerEndpointContainer#1-1] m.r.consumer.Consumer1                   : 已接收第981个1000条消息
2022-04-25 22:56:18.546  INFO 11688 --- [org.springframework.amqp.rabbit.RabbitListenerEndpointContainer#1-1] m.r.consumer.Consumer1                   : 已接收第982个1000条消息
2022-04-25 22:56:18.569  INFO 11688 --- [org.springframework.amqp.rabbit.RabbitListenerEndpointContainer#1-1] m.r.consumer.Consumer1                   : 已接收第983个1000条消息
2022-04-25 22:56:18.606  INFO 11688 --- [org.springframework.amqp.rabbit.RabbitListenerEndpointContainer#1-1] m.r.consumer.Consumer1                   : 已接收第984个1000条消息
2022-04-25 22:56:18.639  INFO 11688 --- [org.springframework.amqp.rabbit.RabbitListenerEndpointContainer#1-1] m.r.consumer.Consumer1                   : 已接收第985个1000条消息
2022-04-25 22:56:18.675  INFO 11688 --- [org.springframework.amqp.rabbit.RabbitListenerEndpointContainer#1-1] m.r.consumer.Consumer1                   : 已接收第986个1000条消息
2022-04-25 22:56:18.702  INFO 11688 --- [org.springframework.amqp.rabbit.RabbitListenerEndpointContainer#1-1] m.r.consumer.Consumer1                   : 已接收第987个1000条消息
2022-04-25 22:56:18.736  INFO 11688 --- [org.springframework.amqp.rabbit.RabbitListenerEndpointContainer#1-1] m.r.consumer.Consumer1                   : 已接收第988个1000条消息
2022-04-25 22:56:18.761  INFO 11688 --- [org.springframework.amqp.rabbit.RabbitListenerEndpointContainer#1-1] m.r.consumer.Consumer1                   : 已接收第989个1000条消息
2022-04-25 22:56:18.800  INFO 11688 --- [org.springframework.amqp.rabbit.RabbitListenerEndpointContainer#1-1] m.r.consumer.Consumer1                   : 已接收第990个1000条消息
2022-04-25 22:56:18.825  INFO 11688 --- [org.springframework.amqp.rabbit.RabbitListenerEndpointContainer#1-1] m.r.consumer.Consumer1                   : 已接收第991个1000条消息
2022-04-25 22:56:18.859  INFO 11688 --- [org.springframework.amqp.rabbit.RabbitListenerEndpointContainer#1-1] m.r.consumer.Consumer1                   : 已接收第992个1000条消息
2022-04-25 22:56:18.883  INFO 11688 --- [org.springframework.amqp.rabbit.RabbitListenerEndpointContainer#1-1] m.r.consumer.Consumer1                   : 已接收第993个1000条消息
2022-04-25 22:56:18.918  INFO 11688 --- [org.springframework.amqp.rabbit.RabbitListenerEndpointContainer#1-1] m.r.consumer.Consumer1                   : 已接收第994个1000条消息
2022-04-25 22:56:18.943  INFO 11688 --- [org.springframework.amqp.rabbit.RabbitListenerEndpointContainer#1-1] m.r.consumer.Consumer1                   : 已接收第995个1000条消息
2022-04-25 22:56:18.988  INFO 11688 --- [org.springframework.amqp.rabbit.RabbitListenerEndpointContainer#1-1] m.r.consumer.Consumer1                   : 已接收第996个1000条消息
2022-04-25 22:56:19.026  INFO 11688 --- [org.springframework.amqp.rabbit.RabbitListenerEndpointContainer#1-1] m.r.consumer.Consumer1                   : 已接收第997个1000条消息
2022-04-25 22:56:19.064  INFO 11688 --- [org.springframework.amqp.rabbit.RabbitListenerEndpointContainer#1-1] m.r.consumer.Consumer1                   : 已接收第998个1000条消息
2022-04-25 22:56:19.090  INFO 11688 --- [org.springframework.amqp.rabbit.RabbitListenerEndpointContainer#1-1] m.r.consumer.Consumer1                   : 已接收第999个1000条消息
2022-04-25 22:56:19.127  INFO 11688 --- [org.springframework.amqp.rabbit.RabbitListenerEndpointContainer#1-1] m.r.consumer.Consumer1                   : 程序运行时间：32249ms
2022-04-25 22:58:54.645  INFO 11688 --- [org.springframework.amqp.rabbit.RabbitListenerEndpointContainer#0-2] o.s.a.r.l.SimpleMessageListenerContainer : Waiting for workers to finish.
2022-04-25 22:58:54.645  INFO 11688 --- [org.springframework.amqp.rabbit.RabbitListenerEndpointContainer#1-2] o.s.a.r.l.SimpleMessageListenerContainer : Waiting for workers to finish.
2022-04-25 22:58:55.455  INFO 11688 --- [org.springframework.amqp.rabbit.RabbitListenerEndpointContainer#0-2] o.s.a.r.l.SimpleMessageListenerContainer : Successfully waited for workers to finish.
2022-04-25 22:58:55.500  INFO 11688 --- [org.springframework.amqp.rabbit.RabbitListenerEndpointContainer#1-2] o.s.a.r.l.SimpleMessageListenerContainer : Successfully waited for workers to finish.
2022-04-25 22:58:55.517  INFO 11688 --- [SpringApplicationShutdownHook] o.s.a.r.l.SimpleMessageListenerContainer : Shutdown ignored - container is already stopped
2022-04-25 22:58:55.517  INFO 11688 --- [SpringApplicationShutdownHook] o.s.a.r.l.SimpleMessageListenerContainer : Shutdown ignored - container is already stopped
2022-04-25 23:01:51.877  INFO 13984 --- [main] m.r.RabbitMqLazyQueueApplicationTests    : Starting RabbitMqLazyQueueApplicationTests using Java 16.0.2 on mao with PID 13984 (started by mao in H:\程序\大三下期\rabbitMQ惰性队列)
2022-04-25 23:01:51.878 DEBUG 13984 --- [main] m.r.RabbitMqLazyQueueApplicationTests    : Running with Spring Boot v2.6.7, Spring v5.3.19
2022-04-25 23:01:51.879  INFO 13984 --- [main] m.r.RabbitMqLazyQueueApplicationTests    : The following 1 profile is active: "dev"
2022-04-25 23:01:53.907  INFO 13984 --- [main] o.s.a.r.c.CachingConnectionFactory       : Attempting to connect to: [127.0.0.1:5672]
2022-04-25 23:01:53.966  INFO 13984 --- [main] o.s.a.r.c.CachingConnectionFactory       : Created new connection: rabbitConnectionFactory#c269425:0/SimpleConnection@3e26482 [delegate=amqp://admin@127.0.0.1:5672/, localPort= 51339]
2022-04-25 23:01:53.971  INFO 13984 --- [main] o.s.amqp.rabbit.core.RabbitAdmin         : Auto-declaring a non-durable or auto-delete Exchange (exchange) durable:false, auto-delete:false. It will be deleted by the broker if it shuts down, and can be redeclared by closing and reopening the connection.
2022-04-25 23:01:53.971  INFO 13984 --- [main] o.s.amqp.rabbit.core.RabbitAdmin         : Auto-declaring a non-durable, auto-delete, or exclusive Queue (default_queue) durable:false, auto-delete:false, exclusive:false. It will be redeclared if the broker stops and is restarted while the connection factory is alive, but all messages will be lost.
2022-04-25 23:01:53.972  INFO 13984 --- [main] o.s.amqp.rabbit.core.RabbitAdmin         : Auto-declaring a non-durable, auto-delete, or exclusive Queue (lazy_queue) durable:false, auto-delete:false, exclusive:false. It will be redeclared if the broker stops and is restarted while the connection factory is alive, but all messages will be lost.
2022-04-25 23:01:54.057  INFO 13984 --- [main] m.r.RabbitMqLazyQueueApplicationTests    : Started RabbitMqLazyQueueApplicationTests in 2.549 seconds (JVM running for 3.355)
2022-04-25 23:01:54.653  INFO 13984 --- [org.springframework.amqp.rabbit.RabbitListenerEndpointContainer#0-2] o.s.a.r.l.SimpleMessageListenerContainer : Waiting for workers to finish.
2022-04-25 23:01:54.655  INFO 13984 --- [org.springframework.amqp.rabbit.RabbitListenerEndpointContainer#1-2] o.s.a.r.l.SimpleMessageListenerContainer : Waiting for workers to finish.
2022-04-25 23:01:55.039  INFO 13984 --- [org.springframework.amqp.rabbit.RabbitListenerEndpointContainer#0-2] o.s.a.r.l.SimpleMessageListenerContainer : Successfully waited for workers to finish.
2022-04-25 23:01:55.053  INFO 13984 --- [org.springframework.amqp.rabbit.RabbitListenerEndpointContainer#1-2] o.s.a.r.l.SimpleMessageListenerContainer : Successfully waited for workers to finish.
2022-04-25 23:01:55.054  INFO 13984 --- [SpringApplicationShutdownHook] o.s.a.r.l.SimpleMessageListenerContainer : Shutdown ignored - container is already stopped
2022-04-25 23:01:55.055  INFO 13984 --- [SpringApplicationShutdownHook] o.s.a.r.l.SimpleMessageListenerContainer : Shutdown ignored - container is already stopped
